<?xml version="1.0" encoding="UTF-8"?>
<!-- Generated by org.testng.reporters.JUnitReportReporter -->
<testsuite skipped="0" hostname="DESKTOP-08ELHDF" name="com.webtest.demo.FreemakerTest" tests="1" failures="0" timestamp="19 十一月 2018 07:15:59 GMT" time="0.311" errors="0">
  <testcase name="testFreemarker" time="0.311" classname="com.webtest.demo.FreemakerTest"/>
</testsuite> <!-- com.webtest.demo.FreemakerTest -->
