<?xml version="1.0" encoding="UTF-8"?>
<!-- Generated by org.testng.reporters.JUnitReportReporter -->
<testsuite skipped="0" hostname="DESKTOP-08ELHDF" name="com.webtest.core.FreemakerTemplateEngine" tests="1" failures="0" timestamp="21 十一月 2018 03:20:57 GMT" time="0.205" errors="0">
  <testcase name="test1" time="0.205" classname="com.webtest.core.FreemakerTemplateEngine"/>
</testsuite> <!-- com.webtest.core.FreemakerTemplateEngine -->
