<?xml version="1.0" encoding="UTF-8"?>
<!-- Generated by org.testng.reporters.JUnitReportReporter -->
<testsuite skipped="0" hostname="DESKTOP-08ELHDF" name="com.webtest.core.WebTestListener" tests="1" failures="0" timestamp="19 十一月 2018 07:25:33 GMT" time="0.018" errors="0">
  <testcase name="writeResultToMailTemplate" time="0.018" classname="com.webtest.core.WebTestListener"/>
</testsuite> <!-- com.webtest.core.WebTestListener -->
